Arguments: 
  C:\Program Files\nodejs\node.exe C:\Users\densa\AppData\Roaming\npm\node_modules\yarn\bin\yarn.js init @eslint/config

PATH: 
  C:\Program Files (x86)\Common Files\Oracle\Java\javapath;C:\windows\system32;C:\windows;C:\windows\System32\Wbem;C:\windows\System32\WindowsPowerShell\v1.0\;C:\windows\System32\OpenSSH\;C:\Program Files (x86)\NVIDIA Corporation\PhysX\Common;C:\Program Files\NVIDIA Corporation\NVIDIA NvDLISR;C:\Program Files\Git\cmd;C:\Users\densa\AppData\Roaming\nvm;C:\Program Files\nodejs;C:\Program Files\dotnet\;C:\Users\densa\AppData\Local\Programs\Python\Python310\Scripts\;C:\Users\densa\AppData\Local\Programs\Python\Python310\;C:\Users\densa\AppData\Local\Microsoft\WindowsApps;C:\Program Files\JetBrains\PyCharm 2021.2.3\bin;;C:\Program Files\JetBrains\PyCharm Community Edition 2021.3.3\bin;;C:\Users\densa\AppData\Local\Programs\Microsoft VS Code\bin;C:\Users\densa\AppData\Roaming\npm;C:\MinGW\bin;C:\Users\densa\AppData\Local\GitHubDesktop\bin;C:\Users\densa\AppData\Roaming\nvm;C:\Program Files\nodejs;C:\Users\densa\.dotnet\tools

Yarn version: 
  1.22.19

Node version: 
  17.4.0

Platform: 
  win32 x64

Trace: 
  Error: canceled
      at Interface.<anonymous> (C:\Users\densa\AppData\Roaming\npm\node_modules\yarn\lib\cli.js:137150:13)
      at Interface.emit (node:events:520:28)
      at Interface.[_ttyWrite] [as _ttyWrite] (node:internal/readline/interface:973:18)
      at ReadStream.onkeypress (node:internal/readline/interface:240:20)
      at ReadStream.emit (node:events:520:28)
      at emitKeys (node:internal/readline/utils:358:14)
      at emitKeys.next (<anonymous>)
      at ReadStream.onData (node:internal/readline/emitKeypressEvents:64:36)
      at ReadStream.emit (node:events:520:28)
      at addChunk (node:internal/streams/readable:324:12)

npm manifest: 
  {
    "name": "euraz",
    "version": "1.0.0",
    "main": "index.js",
    "author": "neospectrum <105888081+neospectrum@users.noreply.github.com>",
    "license": "MIT"
  }

yarn manifest: 
  No manifest

Lockfile: 
  No lockfile
